<?xml version="1.0" encoding="UTF-8"?>
<!-- Generated by org.testng.reporters.JUnitReportReporter -->
<testsuite hostname="DESKTOP-4I29KQA" failures="0" tests="1" name="testCases.TC001_AccountRegistrationTest" time="2.089" errors="0" timestamp="2024-08-30T21:13:02 IST" skipped="0">
  <testcase classname="testCases.TC001_AccountRegistrationTest" name="verify_account_registration" time="2.089"/>
  <system-out/>
</testsuite> <!-- testCases.TC001_AccountRegistrationTest -->
