<?xml version="1.0" encoding="UTF-8"?>
<!-- Generated by org.testng.reporters.JUnitReportReporter -->
<testsuite hostname="DESKTOP-4I29KQA" failures="0" tests="1" name="testCases.TC005_AddToCartTest" time="1.656" errors="0" timestamp="2024-09-02T17:11:26 IST" skipped="0">
  <testcase classname="testCases.TC005_AddToCartTest" name="verify_AddTOCart" time="1.656"/>
  <system-out/>
</testsuite> <!-- testCases.TC005_AddToCartTest -->
