<?xml version="1.0" encoding="UTF-8"?>
<!-- Generated by org.testng.reporters.JUnitReportReporter -->
<testsuite hostname="DESKTOP-4I29KQA" failures="0" tests="1" name="testCases.TC004_SearchProductTest" time="0.751" errors="0" timestamp="2024-09-02T17:32:55 IST" skipped="0">
  <testcase classname="testCases.TC004_SearchProductTest" name="verify_productSearch" time="0.751"/>
  <system-out/>
</testsuite> <!-- testCases.TC004_SearchProductTest -->
