<?xml version="1.0" encoding="UTF-8"?>
<!-- Generated by org.testng.reporters.JUnitReportReporter -->
<testsuite hostname="DESKTOP-4I29KQA" failures="0" tests="1" name="testCases.TC002_LoginTest" time="1.382" errors="0" timestamp="2024-08-31T11:15:50 IST" skipped="0">
  <testcase classname="testCases.TC002_LoginTest" name="verify_login" time="1.382"/>
  <system-out/>
</testsuite> <!-- testCases.TC002_LoginTest -->
